<?xml version="1.0" encoding="UTF-8"?>
<!-- Generated by org.testng.reporters.JUnitReportReporter -->
<testsuite skipped="0" hostname="BCN-JQ585Y2" name="com.franTejada.selenium.test.MyTest" tests="2" failures="0" timestamp="2020-05-31T23:56:46 CEST" time="21.420" errors="0">
  <testcase name="bannerBehaviorTest" time="13.678" classname="com.franTejada.selenium.test.MyTest"/>
  <testcase name="bannerNavigateInsightsMaritime" time="7.742" classname="com.franTejada.selenium.test.MyTest"/>
</testsuite> <!-- com.franTejada.selenium.test.MyTest -->
