<?xml version="1.0" encoding="UTF-8"?>
<!-- Generated by org.testng.reporters.JUnitReportReporter -->
<testsuite skipped="0" hostname="BCN-JQ585Y2" name="com.franTejada.selenium.test.MyTest" tests="1" failures="0" timestamp="2020-05-31T17:12:35 CEST" time="9.282" errors="0">
  <testcase name="test" time="9.282" classname="com.franTejada.selenium.test.MyTest"/>
</testsuite> <!-- com.franTejada.selenium.test.MyTest -->
