<?xml version="1.0" encoding="UTF-8"?>
<!-- Generated by org.testng.reporters.JUnitReportReporter -->
<testsuite hostname="BCN-JQ585Y2" name="com.franTejada.selenium.test.MyTest" tests="2" failures="0" timestamp="31 May 2020 22:00:50 GMT" time="15.865" errors="0">
  <testcase name="bannerNavigateInsightsMaritime" time="7.217" classname="com.franTejada.selenium.test.MyTest"/>
  <testcase name="bannerBehaviorTest" time="8.648" classname="com.franTejada.selenium.test.MyTest"/>
</testsuite> <!-- com.franTejada.selenium.test.MyTest -->
