<?xml version="1.0" encoding="UTF-8"?>
<!-- Generated by org.testng.reporters.JUnitReportReporter -->
<testsuite hostname="BCN-JQ585Y2" name="com.franTejada.selenium.test.MyTest" tests="2" failures="0" timestamp="1 Jun 2020 13:22:45 GMT" time="17.706" errors="0">
  <testcase name="bannerNavigateInsightsMaritime" time="7.909" classname="com.franTejada.selenium.test.MyTest"/>
  <testcase name="bannerBehaviorTest" time="9.797" classname="com.franTejada.selenium.test.MyTest"/>
</testsuite> <!-- com.franTejada.selenium.test.MyTest -->
