<?xml version="1.0" encoding="UTF-8"?>
<!-- Generated by org.testng.reporters.JUnitReportReporter -->
<testsuite hostname="BCN-JQ585Y2" name="com.franTejada.selenium.test.MyTest" tests="1" failures="0" timestamp="31 May 2020 15:26:06 GMT" time="11.050" errors="0">
  <testcase name="test" time="11.050" classname="com.franTejada.selenium.test.MyTest"/>
</testsuite> <!-- com.franTejada.selenium.test.MyTest -->
